[2021-08-18 15:02:15,999] - --------------------------------------------------------------------
[2021-08-18 15:02:15,999] - insertion de test89 dans la table Catégorie, le gars est pas trop relou à rajouter des catégories tout le temps
[2021-08-18 15:02:15,999] - Toujour plus..
[2021-08-18 15:02:44,554] - --------------------------------------------------------------------
[2021-08-18 15:02:44,554] - insertion de Bébé pingouin dans la table Catégorie, le gars est pas trop relou à rajouter des catégories tout le temps
[2021-08-18 15:02:44,554] - Toujour plus..
[2021-08-18 15:02:50,822] - --------------------------------------------------------------------
[2021-08-18 15:02:50,822] - La catégorie 30 a été supprimé
[2021-08-18 15:02:50,822] - C'est radicale..
[2021-08-18 15:02:56,384] - --------------------------------------------------------------------
[2021-08-18 15:02:56,384] - L'utilisateur 10 a été supprimé
[2021-08-18 15:02:56,384] - Welcome to goulag
[2021-08-18 15:03:34,797] - --------------------------------------------------------------------
[2021-08-18 15:03:34,797] - Utilisateur ajouté : Pseudo=test4, Nom=test4, Prenom=test4, email=test@test, Tel=0685947595
[2021-08-18 15:03:34,797] - Yo la sang, Bienvenue parmis nous !
[2021-08-18 15:04:27,235] - --------------------------------------------------------------------
[2021-08-18 15:04:27,235] - Pingoui a été mis aux enchère par 11, elle débute le 2021-08-09 00:00:00.0 et fini le 2021-08-30 00:00:00.0 au prix initial de 13, il appartient à la catégorie 122
[2021-08-18 15:04:27,235] - Bon bah on va encore brasser de l'argent !
[2021-08-18 15:04:27,241] - --------------------------------------------------------------------
[2021-08-18 15:04:27,241] - Un point de retrait a été ajouté pour l'article : 36 a l'adresseavenue du sequoia NANTES 85110
[2021-08-18 15:04:27,241] - L'endroit ou se trouve le bidule qui lui a couté si cher alors qu'il l'aurait eu a 2 euro sur ali express !
[2021-08-18 15:04:27,257] - --------------------------------------------------------------------
[2021-08-18 15:04:27,257] - Une enchère sur l'article : 36 a été crée par 11avec un montant de13
[2021-08-18 15:04:27,257] - Aller encore plus haut, toujours plus de moulaga !
[2021-08-18 16:50:23,894] - --------------------------------------------------------------------
[2021-08-18 16:50:23,894] - Pingoui a été mis aux enchère par 7, elle débute le 2021-08-04 00:00:00.0 et fini le 2021-08-30 00:00:00.0 au prix initial de 13, il appartient à la catégorie 122
[2021-08-18 16:50:23,894] - Bon bah on va encore brasser de l'argent !
[2021-08-18 16:50:23,908] - --------------------------------------------------------------------
[2021-08-18 16:50:23,908] - Un point de retrait a été ajouté pour l'article : 37 a l'adresseavenue du sequoia CHANTONNAY 85110
[2021-08-18 16:50:23,908] - L'endroit ou se trouve le bidule qui lui a couté si cher alors qu'il l'aurait eu a 2 euro sur ali express !
[2021-08-18 16:50:23,924] - --------------------------------------------------------------------
[2021-08-18 16:50:23,924] - Une enchère sur l'article : 37 a été crée par 7avec un montant de13
[2021-08-18 16:50:23,924] - Aller encore plus haut, toujours plus de moulaga !
